<?xml version="1.0" encoding="UTF-8"?>
<coverage generated="1669726387946" clover="3.2.0">
  <project timestamp="1669726387946" name="All files">
    <metrics statements="41" coveredstatements="31" conditionals="14" coveredconditionals="9" methods="16" coveredmethods="12" elements="71" coveredelements="52" complexity="0" loc="41" ncloc="41" packages="5" files="7" classes="7"/>
    <package name="src">
      <metrics statements="15" coveredstatements="11" conditionals="0" coveredconditionals="0" methods="5" coveredmethods="4"/>
      <file name="App.jsx" path="/home/rodrigo/Uniamerica/calculadora-de-imc/src/App.jsx">
        <metrics statements="1" coveredstatements="1" conditionals="0" coveredconditionals="0" methods="1" coveredmethods="1"/>
        <line num="10" count="3" type="stmt"/>
      </file>
      <file name="index.js" path="/home/rodrigo/Uniamerica/calculadora-de-imc/src/index.js">
        <metrics statements="3" coveredstatements="0" conditionals="0" coveredconditionals="0" methods="0" coveredmethods="0"/>
        <line num="7" count="0" type="stmt"/>
        <line num="8" count="0" type="stmt"/>
        <line num="17" count="0" type="stmt"/>
      </file>
      <file name="store.js" path="/home/rodrigo/Uniamerica/calculadora-de-imc/src/store.js">
        <metrics statements="11" coveredstatements="10" conditionals="0" coveredconditionals="0" methods="4" coveredmethods="3"/>
        <line num="5" count="2" type="stmt"/>
        <line num="14" count="2" type="stmt"/>
        <line num="19" count="0" type="stmt"/>
        <line num="22" count="1" type="stmt"/>
        <line num="24" count="1" type="stmt"/>
        <line num="25" count="1" type="stmt"/>
        <line num="28" count="2" type="stmt"/>
        <line num="33" count="2" type="stmt"/>
        <line num="39" count="2" type="stmt"/>
        <line num="41" count="6" type="stmt"/>
        <line num="43" count="2" type="stmt"/>
      </file>
    </package>
    <package name="src.Components">
      <metrics statements="1" coveredstatements="1" conditionals="2" coveredconditionals="1" methods="1" coveredmethods="1"/>
      <file name="Input.jsx" path="/home/rodrigo/Uniamerica/calculadora-de-imc/src/Components/Input.jsx">
        <metrics statements="1" coveredstatements="1" conditionals="2" coveredconditionals="1" methods="1" coveredmethods="1"/>
        <line num="2" count="12" type="stmt"/>
      </file>
    </package>
    <package name="src.Pages">
      <metrics statements="3" coveredstatements="2" conditionals="0" coveredconditionals="0" methods="2" coveredmethods="1"/>
      <file name="NotFound.jsx" path="/home/rodrigo/Uniamerica/calculadora-de-imc/src/Pages/NotFound.jsx">
        <metrics statements="3" coveredstatements="2" conditionals="0" coveredconditionals="0" methods="2" coveredmethods="1"/>
        <line num="4" count="4" type="stmt"/>
        <line num="6" count="4" type="stmt"/>
        <line num="11" count="0" type="stmt"/>
      </file>
    </package>
    <package name="src.Pages.Calculator">
      <metrics statements="20" coveredstatements="15" conditionals="10" coveredconditionals="7" methods="6" coveredmethods="4"/>
      <file name="Calculator.jsx" path="/home/rodrigo/Uniamerica/calculadora-de-imc/src/Pages/Calculator/Calculator.jsx">
        <metrics statements="20" coveredstatements="15" conditionals="10" coveredconditionals="7" methods="6" coveredmethods="4"/>
        <line num="8" count="8" type="stmt"/>
        <line num="9" count="6" type="stmt"/>
        <line num="10" count="6" type="stmt"/>
        <line num="13" count="2" type="stmt"/>
        <line num="14" count="2" type="stmt"/>
        <line num="16" count="2" type="stmt"/>
        <line num="17" count="2" type="stmt"/>
        <line num="19" count="2" type="stmt"/>
        <line num="23" count="1" type="stmt"/>
        <line num="25" count="1" type="stmt"/>
        <line num="30" count="1" type="stmt"/>
        <line num="32" count="1" type="stmt"/>
        <line num="34" count="1" type="cond" truecount="3" falsecount="1"/>
        <line num="35" count="1" type="stmt"/>
        <line num="41" count="0" type="stmt"/>
        <line num="46" count="0" type="cond" truecount="0" falsecount="2"/>
        <line num="47" count="0" type="stmt"/>
        <line num="50" count="0" type="stmt"/>
        <line num="56" count="6" type="stmt"/>
        <line num="96" count="0" type="stmt"/>
      </file>
    </package>
    <package name="src.Pages.Information">
      <metrics statements="2" coveredstatements="2" conditionals="2" coveredconditionals="1" methods="2" coveredmethods="2"/>
      <file name="Information.jsx" path="/home/rodrigo/Uniamerica/calculadora-de-imc/src/Pages/Information/Information.jsx">
        <metrics statements="2" coveredstatements="2" conditionals="2" coveredconditionals="1" methods="2" coveredmethods="2"/>
        <line num="5" count="1" type="stmt"/>
        <line num="7" count="1" type="stmt"/>
      </file>
    </package>
  </project>
</coverage>
