{"/home/rodrigo/Uniamerica/calculadora-de-imc/src/App.jsx": {"path":"/home/rodrigo/Uniamerica/calculadora-de-imc/src/App.jsx","statementMap":{"0":{"start":{"line":10,"column":2},"end":{"line":20,"column":4}}},"fnMap":{"0":{"name":"App","decl":{"start":{"line":9,"column":9},"end":{"line":9,"column":12}},"loc":{"start":{"line":9,"column":15},"end":{"line":21,"column":1}},"line":9}},"branchMap":{},"s":{"0":3},"f":{"0":3},"b":{},"_coverageSchema":"1a1c01bbd47fc00a2c39e90264f33305004495a9","hash":"bb910bf5f09ec80c4e799107dd57773660dad869"}
,"/home/rodrigo/Uniamerica/calculadora-de-imc/src/index.js": {"path":"/home/rodrigo/Uniamerica/calculadora-de-imc/src/index.js","statementMap":{"0":{"start":{"line":7,"column":13},"end":{"line":7,"column":65}},"1":{"start":{"line":8,"column":0},"end":{"line":12,"column":2}},"2":{"start":{"line":17,"column":0},"end":{"line":17,"column":18}}},"fnMap":{},"branchMap":{},"s":{"0":0,"1":0,"2":0},"f":{},"b":{}}
,"/home/rodrigo/Uniamerica/calculadora-de-imc/src/store.js": {"path":"/home/rodrigo/Uniamerica/calculadora-de-imc/src/store.js","statementMap":{"0":{"start":{"line":5,"column":21},"end":{"line":12,"column":1}},"1":{"start":{"line":14,"column":21},"end":{"line":31,"column":2}},"2":{"start":{"line":19,"column":6},"end":{"line":19,"column":37}},"3":{"start":{"line":22,"column":30},"end":{"line":22,"column":44}},"4":{"start":{"line":24,"column":6},"end":{"line":24,"column":22}},"5":{"start":{"line":25,"column":6},"end":{"line":25,"column":28}},"6":{"start":{"line":28,"column":6},"end":{"line":28,"column":26}},"7":{"start":{"line":33,"column":21},"end":{"line":37,"column":2}},"8":{"start":{"line":39,"column":54},"end":{"line":39,"column":67}},"9":{"start":{"line":41,"column":30},"end":{"line":41,"column":49}},"10":{"start":{"line":41,"column":36},"end":{"line":41,"column":49}},"11":{"start":{"line":43,"column":30},"end":{"line":43,"column":41}}},"fnMap":{"0":{"name":"(anonymous_0)","decl":{"start":{"line":18,"column":19},"end":{"line":18,"column":20}},"loc":{"start":{"line":18,"column":38},"end":{"line":20,"column":5}},"line":18},"1":{"name":"(anonymous_1)","decl":{"start":{"line":21,"column":18},"end":{"line":21,"column":19}},"loc":{"start":{"line":21,"column":37},"end":{"line":26,"column":5}},"line":21},"2":{"name":"(anonymous_2)","decl":{"start":{"line":27,"column":11},"end":{"line":27,"column":12}},"loc":{"start":{"line":27,"column":22},"end":{"line":29,"column":5}},"line":27},"3":{"name":"(anonymous_3)","decl":{"start":{"line":41,"column":30},"end":{"line":41,"column":31}},"loc":{"start":{"line":41,"column":36},"end":{"line":41,"column":49}},"line":41}},"branchMap":{},"s":{"0":2,"1":2,"2":0,"3":1,"4":1,"5":1,"6":2,"7":2,"8":2,"9":2,"10":6,"11":2},"f":{"0":0,"1":1,"2":2,"3":6},"b":{},"_coverageSchema":"1a1c01bbd47fc00a2c39e90264f33305004495a9","hash":"fec0262e76f7540aa655b94c5e783da445d96c24"}
,"/home/rodrigo/Uniamerica/calculadora-de-imc/src/Components/Input.jsx": {"path":"/home/rodrigo/Uniamerica/calculadora-de-imc/src/Components/Input.jsx","statementMap":{"0":{"start":{"line":2,"column":2},"end":{"line":15,"column":3}}},"fnMap":{"0":{"name":"Input","decl":{"start":{"line":1,"column":24},"end":{"line":1,"column":29}},"loc":{"start":{"line":1,"column":94},"end":{"line":16,"column":1}},"line":1}},"branchMap":{"0":{"loc":{"start":{"line":12,"column":23},"end":{"line":12,"column":57}},"type":"binary-expr","locations":[{"start":{"line":12,"column":23},"end":{"line":12,"column":41}},{"start":{"line":12,"column":45},"end":{"line":12,"column":57}}],"line":12}},"s":{"0":12},"f":{"0":12},"b":{"0":[12,0]},"_coverageSchema":"1a1c01bbd47fc00a2c39e90264f33305004495a9","hash":"9415fc382c261c416f78b22eb1941298bf41aa60"}
,"/home/rodrigo/Uniamerica/calculadora-de-imc/src/Pages/NotFound.jsx": {"path":"/home/rodrigo/Uniamerica/calculadora-de-imc/src/Pages/NotFound.jsx","statementMap":{"0":{"start":{"line":4,"column":19},"end":{"line":4,"column":32}},"1":{"start":{"line":6,"column":2},"end":{"line":14,"column":4}},"2":{"start":{"line":11,"column":8},"end":{"line":11,"column":22}}},"fnMap":{"0":{"name":"NotFound","decl":{"start":{"line":3,"column":9},"end":{"line":3,"column":17}},"loc":{"start":{"line":3,"column":20},"end":{"line":15,"column":1}},"line":3},"1":{"name":"(anonymous_1)","decl":{"start":{"line":10,"column":23},"end":{"line":10,"column":24}},"loc":{"start":{"line":10,"column":29},"end":{"line":12,"column":7}},"line":10}},"branchMap":{},"s":{"0":4,"1":4,"2":0},"f":{"0":4,"1":0},"b":{},"_coverageSchema":"1a1c01bbd47fc00a2c39e90264f33305004495a9","hash":"57804ec52b31e5b382fa1438f34fe78db7a9423e"}
,"/home/rodrigo/Uniamerica/calculadora-de-imc/src/Pages/Calculator/Calculator.jsx": {"path":"/home/rodrigo/Uniamerica/calculadora-de-imc/src/Pages/Calculator/Calculator.jsx","statementMap":{"0":{"start":{"line":8,"column":16},"end":{"line":8,"column":62}},"1":{"start":{"line":8,"column":42},"end":{"line":8,"column":61}},"2":{"start":{"line":9,"column":19},"end":{"line":9,"column":35}},"3":{"start":{"line":10,"column":19},"end":{"line":10,"column":32}},"4":{"start":{"line":13,"column":24},"end":{"line":13,"column":72}},"5":{"start":{"line":14,"column":24},"end":{"line":14,"column":72}},"6":{"start":{"line":16,"column":4},"end":{"line":16,"column":27}},"7":{"start":{"line":17,"column":4},"end":{"line":17,"column":27}},"8":{"start":{"line":19,"column":4},"end":{"line":19,"column":22}},"9":{"start":{"line":23,"column":31},"end":{"line":23,"column":44}},"10":{"start":{"line":25,"column":22},"end":{"line":28,"column":7}},"11":{"start":{"line":30,"column":25},"end":{"line":30,"column":47}},"12":{"start":{"line":32,"column":51},"end":{"line":32,"column":63}},"13":{"start":{"line":34,"column":4},"end":{"line":42,"column":5}},"14":{"start":{"line":35,"column":6},"end":{"line":38,"column":10}},"15":{"start":{"line":41,"column":6},"end":{"line":41,"column":14}},"16":{"start":{"line":46,"column":4},"end":{"line":48,"column":5}},"17":{"start":{"line":47,"column":6},"end":{"line":47,"column":18}},"18":{"start":{"line":50,"column":4},"end":{"line":53,"column":8}},"19":{"start":{"line":56,"column":2},"end":{"line":101,"column":4}},"20":{"start":{"line":96,"column":23},"end":{"line":96,"column":46}}},"fnMap":{"0":{"name":"Calculator","decl":{"start":{"line":7,"column":9},"end":{"line":7,"column":19}},"loc":{"start":{"line":7,"column":22},"end":{"line":102,"column":1}},"line":7},"1":{"name":"(anonymous_1)","decl":{"start":{"line":8,"column":31},"end":{"line":8,"column":32}},"loc":{"start":{"line":8,"column":42},"end":{"line":8,"column":61}},"line":8},"2":{"name":"clear","decl":{"start":{"line":12,"column":11},"end":{"line":12,"column":16}},"loc":{"start":{"line":12,"column":19},"end":{"line":20,"column":3}},"line":12},"3":{"name":"calculate","decl":{"start":{"line":22,"column":17},"end":{"line":22,"column":26}},"loc":{"start":{"line":22,"column":29},"end":{"line":43,"column":3}},"line":22},"4":{"name":"handleChange","decl":{"start":{"line":45,"column":11},"end":{"line":45,"column":23}},"loc":{"start":{"line":45,"column":58},"end":{"line":54,"column":3}},"line":45},"5":{"name":"(anonymous_5)","decl":{"start":{"line":96,"column":17},"end":{"line":96,"column":18}},"loc":{"start":{"line":96,"column":23},"end":{"line":96,"column":46}},"line":96}},"branchMap":{"0":{"loc":{"start":{"line":34,"column":4},"end":{"line":42,"column":5}},"type":"if","locations":[{"start":{"line":34,"column":4},"end":{"line":42,"column":5}},{"start":{"line":40,"column":11},"end":{"line":42,"column":5}}],"line":34},"1":{"loc":{"start":{"line":34,"column":8},"end":{"line":34,"column":34}},"type":"binary-expr","locations":[{"start":{"line":34,"column":8},"end":{"line":34,"column":20}},{"start":{"line":34,"column":24},"end":{"line":34,"column":34}}],"line":34},"2":{"loc":{"start":{"line":46,"column":4},"end":{"line":48,"column":5}},"type":"if","locations":[{"start":{"line":46,"column":4},"end":{"line":48,"column":5}},{"start":{},"end":{}}],"line":46},"3":{"loc":{"start":{"line":77,"column":19},"end":{"line":79,"column":17}},"type":"binary-expr","locations":[{"start":{"line":77,"column":19},"end":{"line":77,"column":28}},{"start":{"line":77,"column":32},"end":{"line":79,"column":17}}],"line":77},"4":{"loc":{"start":{"line":87,"column":19},"end":{"line":89,"column":17}},"type":"binary-expr","locations":[{"start":{"line":87,"column":19},"end":{"line":87,"column":31}},{"start":{"line":87,"column":35},"end":{"line":89,"column":17}}],"line":87}},"s":{"0":6,"1":8,"2":6,"3":6,"4":2,"5":2,"6":2,"7":2,"8":2,"9":1,"10":1,"11":1,"12":1,"13":1,"14":1,"15":0,"16":0,"17":0,"18":0,"19":6,"20":0},"f":{"0":6,"1":8,"2":2,"3":1,"4":0,"5":0},"b":{"0":[1,0],"1":[1,1],"2":[0,0],"3":[6,2],"4":[6,2]},"_coverageSchema":"1a1c01bbd47fc00a2c39e90264f33305004495a9","hash":"6aae1f8931ea10c20eb5b9dd806c8e70c429fcd2"}
,"/home/rodrigo/Uniamerica/calculadora-de-imc/src/Pages/Information/Information.jsx": {"path":"/home/rodrigo/Uniamerica/calculadora-de-imc/src/Pages/Information/Information.jsx","statementMap":{"0":{"start":{"line":5,"column":16},"end":{"line":5,"column":62}},"1":{"start":{"line":5,"column":42},"end":{"line":5,"column":61}},"2":{"start":{"line":7,"column":2},"end":{"line":69,"column":4}}},"fnMap":{"0":{"name":"Information","decl":{"start":{"line":4,"column":9},"end":{"line":4,"column":20}},"loc":{"start":{"line":4,"column":23},"end":{"line":70,"column":1}},"line":4},"1":{"name":"(anonymous_1)","decl":{"start":{"line":5,"column":31},"end":{"line":5,"column":32}},"loc":{"start":{"line":5,"column":42},"end":{"line":5,"column":61}},"line":5}},"branchMap":{"0":{"loc":{"start":{"line":24,"column":8},"end":{"line":44,"column":14}},"type":"binary-expr","locations":[{"start":{"line":24,"column":8},"end":{"line":24,"column":17}},{"start":{"line":25,"column":10},"end":{"line":44,"column":14}}],"line":24}},"s":{"0":1,"1":1,"2":1},"f":{"0":1,"1":1},"b":{"0":[1,0]},"_coverageSchema":"1a1c01bbd47fc00a2c39e90264f33305004495a9","hash":"d9c717b517535a547a2c20436dc621b4237e1839"}
}
