TN:
SF:src/App.jsx
FN:9,App
FNF:1
FNH:1
FNDA:3,App
DA:10,3
LF:1
LH:1
BRF:0
BRH:0
end_of_record
TN:
SF:src/index.js
FNF:0
FNH:0
DA:7,0
DA:8,0
DA:17,0
LF:3
LH:0
BRF:0
BRH:0
end_of_record
TN:
SF:src/store.js
FN:18,(anonymous_0)
FN:21,(anonymous_1)
FN:27,(anonymous_2)
FN:41,(anonymous_3)
FNF:4
FNH:3
FNDA:0,(anonymous_0)
FNDA:1,(anonymous_1)
FNDA:2,(anonymous_2)
FNDA:6,(anonymous_3)
DA:5,2
DA:14,2
DA:19,0
DA:22,1
DA:24,1
DA:25,1
DA:28,2
DA:33,2
DA:39,2
DA:41,6
DA:43,2
LF:11
LH:10
BRF:0
BRH:0
end_of_record
TN:
SF:src/Components/Input.jsx
FN:1,Input
FNF:1
FNH:1
FNDA:12,Input
DA:2,12
LF:1
LH:1
BRDA:12,0,0,12
BRDA:12,0,1,0
BRF:2
BRH:1
end_of_record
TN:
SF:src/Pages/NotFound.jsx
FN:3,NotFound
FN:10,(anonymous_1)
FNF:2
FNH:1
FNDA:4,NotFound
FNDA:0,(anonymous_1)
DA:4,4
DA:6,4
DA:11,0
LF:3
LH:2
BRF:0
BRH:0
end_of_record
TN:
SF:src/Pages/Calculator/Calculator.jsx
FN:7,Calculator
FN:8,(anonymous_1)
FN:12,clear
FN:22,calculate
FN:45,handleChange
FN:96,(anonymous_5)
FNF:6
FNH:4
FNDA:6,Calculator
FNDA:8,(anonymous_1)
FNDA:2,clear
FNDA:1,calculate
FNDA:0,handleChange
FNDA:0,(anonymous_5)
DA:8,8
DA:9,6
DA:10,6
DA:13,2
DA:14,2
DA:16,2
DA:17,2
DA:19,2
DA:23,1
DA:25,1
DA:30,1
DA:32,1
DA:34,1
DA:35,1
DA:41,0
DA:46,0
DA:47,0
DA:50,0
DA:56,6
DA:96,0
LF:20
LH:15
BRDA:34,0,0,1
BRDA:34,0,1,0
BRDA:34,1,0,1
BRDA:34,1,1,1
BRDA:46,2,0,0
BRDA:46,2,1,0
BRDA:77,3,0,6
BRDA:77,3,1,2
BRDA:87,4,0,6
BRDA:87,4,1,2
BRF:10
BRH:7
end_of_record
TN:
SF:src/Pages/Information/Information.jsx
FN:4,Information
FN:5,(anonymous_1)
FNF:2
FNH:2
FNDA:1,Information
FNDA:1,(anonymous_1)
DA:5,1
DA:7,1
LF:2
LH:2
BRDA:24,0,0,1
BRDA:24,0,1,0
BRF:2
BRH:1
end_of_record
